Determining if the pthread_create exist failed with the following output:
Change Dir: /scratch/user/shuruixu/CSCE435_Project/Project/Builds/CUDA/CMakeFiles/CMakeTmp

Run Build Command:"/usr/bin/gmake" "cmTC_a8f8a/fast"
/usr/bin/gmake -f CMakeFiles/cmTC_a8f8a.dir/build.make CMakeFiles/cmTC_a8f8a.dir/build
gmake[1]: Entering directory `/scratch/user/shuruixu/CSCE435_Project/Project/Builds/CUDA/CMakeFiles/CMakeTmp'
Building CXX object CMakeFiles/cmTC_a8f8a.dir/CheckSymbolExists.cxx.o
/sw/eb/sw/GCCcore/7.3.0/bin/c++     -o CMakeFiles/cmTC_a8f8a.dir/CheckSymbolExists.cxx.o -c /scratch/user/shuruixu/CSCE435_Project/Project/Builds/CUDA/CMakeFiles/CMakeTmp/CheckSymbolExists.cxx
Linking CXX executable cmTC_a8f8a
/sw/eb/sw/CMake/3.12.1-GCCcore-7.3.0/bin/cmake -E cmake_link_script CMakeFiles/cmTC_a8f8a.dir/link.txt --verbose=1
/sw/eb/sw/GCCcore/7.3.0/bin/c++       CMakeFiles/cmTC_a8f8a.dir/CheckSymbolExists.cxx.o  -o cmTC_a8f8a 
CMakeFiles/cmTC_a8f8a.dir/CheckSymbolExists.cxx.o:CheckSymbolExists.cxx:function main: error: undefined reference to 'pthread_create'
collect2: error: ld returned 1 exit status
gmake[1]: *** [cmTC_a8f8a] Error 1
gmake[1]: Leaving directory `/scratch/user/shuruixu/CSCE435_Project/Project/Builds/CUDA/CMakeFiles/CMakeTmp'
gmake: *** [cmTC_a8f8a/fast] Error 2

File /scratch/user/shuruixu/CSCE435_Project/Project/Builds/CUDA/CMakeFiles/CMakeTmp/CheckSymbolExists.cxx:
/* */
#include <pthread.h>

int main(int argc, char** argv)
{
  (void)argv;
#ifndef pthread_create
  return ((int*)(&pthread_create))[argc];
#else
  (void)argc;
  return 0;
#endif
}

Determining if the function pthread_create exists in the pthreads failed with the following output:
Change Dir: /scratch/user/shuruixu/CSCE435_Project/Project/Builds/CUDA/CMakeFiles/CMakeTmp

Run Build Command:"/usr/bin/gmake" "cmTC_b0a56/fast"
/usr/bin/gmake -f CMakeFiles/cmTC_b0a56.dir/build.make CMakeFiles/cmTC_b0a56.dir/build
gmake[1]: Entering directory `/scratch/user/shuruixu/CSCE435_Project/Project/Builds/CUDA/CMakeFiles/CMakeTmp'
Building CXX object CMakeFiles/cmTC_b0a56.dir/CheckFunctionExists.cxx.o
/sw/eb/sw/GCCcore/7.3.0/bin/c++    -DCHECK_FUNCTION_EXISTS=pthread_create   -o CMakeFiles/cmTC_b0a56.dir/CheckFunctionExists.cxx.o -c /scratch/user/shuruixu/CSCE435_Project/Project/Builds/CUDA/CMakeFiles/CheckLibraryExists/CheckFunctionExists.cxx
Linking CXX executable cmTC_b0a56
/sw/eb/sw/CMake/3.12.1-GCCcore-7.3.0/bin/cmake -E cmake_link_script CMakeFiles/cmTC_b0a56.dir/link.txt --verbose=1
/sw/eb/sw/GCCcore/7.3.0/bin/c++   -DCHECK_FUNCTION_EXISTS=pthread_create    CMakeFiles/cmTC_b0a56.dir/CheckFunctionExists.cxx.o  -o cmTC_b0a56 -lpthreads 
/sw/eb/sw/binutils/2.35/bin/ld.gold: error: cannot find -lpthreads
CMakeFiles/cmTC_b0a56.dir/CheckFunctionExists.cxx.o:CheckFunctionExists.cxx:function main: error: undefined reference to 'pthread_create'
collect2: error: ld returned 1 exit status
gmake[1]: *** [cmTC_b0a56] Error 1
gmake[1]: Leaving directory `/scratch/user/shuruixu/CSCE435_Project/Project/Builds/CUDA/CMakeFiles/CMakeTmp'
gmake: *** [cmTC_b0a56/fast] Error 2


